mode: set
gitlab.com/rd/sewan-sdk-go/httpClient.go:32.84,34.2 1 0
gitlab.com/rd/sewan-sdk-go/httpClient.go:37.35,39.25 2 1
gitlab.com/rd/sewan-sdk-go/httpClient.go:42.2,42.26 1 1
gitlab.com/rd/sewan-sdk-go/httpClient.go:39.25,41.3 1 1
gitlab.com/rd/sewan-sdk-go/httpClient.go:48.35,50.25 2 1
gitlab.com/rd/sewan-sdk-go/httpClient.go:53.2,53.26 1 1
gitlab.com/rd/sewan-sdk-go/httpClient.go:50.25,52.3 1 1
gitlab.com/rd/sewan-sdk-go/httpClient.go:62.42,71.17 7 1
gitlab.com/rd/sewan-sdk-go/httpClient.go:74.2,76.17 3 1
gitlab.com/rd/sewan-sdk-go/httpClient.go:79.2,82.17 2 1
gitlab.com/rd/sewan-sdk-go/httpClient.go:85.2,85.21 1 1
gitlab.com/rd/sewan-sdk-go/httpClient.go:88.2,88.38 1 1
gitlab.com/rd/sewan-sdk-go/httpClient.go:71.17,73.3 1 0
gitlab.com/rd/sewan-sdk-go/httpClient.go:76.17,78.3 1 1
gitlab.com/rd/sewan-sdk-go/httpClient.go:82.17,84.3 1 1
gitlab.com/rd/sewan-sdk-go/httpClient.go:85.21,87.3 1 1
gitlab.com/rd/sewan-sdk-go/httpClient.go:96.50,97.17 1 1
gitlab.com/rd/sewan-sdk-go/httpClient.go:100.2,100.22 1 1
gitlab.com/rd/sewan-sdk-go/httpClient.go:103.2,105.39 3 1
gitlab.com/rd/sewan-sdk-go/httpClient.go:110.2,110.21 1 1
gitlab.com/rd/sewan-sdk-go/httpClient.go:97.17,99.3 1 1
gitlab.com/rd/sewan-sdk-go/httpClient.go:100.22,102.3 1 1
gitlab.com/rd/sewan-sdk-go/httpClient.go:105.39,109.3 1 1
gitlab.com/rd/sewan-sdk-go/httpClient.go:111.27,112.51 1 1
gitlab.com/rd/sewan-sdk-go/httpClient.go:113.31,114.51 1 1
gitlab.com/rd/sewan-sdk-go/httpClient.go:115.10,116.63 1 0
gitlab.com/rd/sewan-sdk-go/httpClient.go:117.10,121.23 1 1
gitlab.com/rd/sewan-sdk-go/httpClient.go:126.41,131.17 3 1
gitlab.com/rd/sewan-sdk-go/httpClient.go:135.2,135.29 1 1
gitlab.com/rd/sewan-sdk-go/httpClient.go:138.2,139.17 2 1
gitlab.com/rd/sewan-sdk-go/httpClient.go:144.2,145.17 2 1
gitlab.com/rd/sewan-sdk-go/httpClient.go:149.2,149.42 1 1
gitlab.com/rd/sewan-sdk-go/httpClient.go:131.17,134.3 1 0
gitlab.com/rd/sewan-sdk-go/httpClient.go:135.29,137.3 1 0
gitlab.com/rd/sewan-sdk-go/httpClient.go:139.17,143.3 1 1
gitlab.com/rd/sewan-sdk-go/httpClient.go:145.17,148.3 1 0
gitlab.com/rd/sewan-sdk-go/httpClient.go:153.41,155.17 2 1
gitlab.com/rd/sewan-sdk-go/httpClient.go:158.2,159.17 2 1
gitlab.com/rd/sewan-sdk-go/httpClient.go:163.2,163.31 1 1
gitlab.com/rd/sewan-sdk-go/httpClient.go:155.17,157.3 1 0
gitlab.com/rd/sewan-sdk-go/httpClient.go:159.17,162.3 1 0
gitlab.com/rd/sewan-sdk-go/logger.go:14.47,16.2 1 1
gitlab.com/rd/sewan-sdk-go/logger.go:18.47,24.30 6 1
gitlab.com/rd/sewan-sdk-go/logger.go:27.2,28.28 2 1
gitlab.com/rd/sewan-sdk-go/logger.go:31.2,33.23 3 1
gitlab.com/rd/sewan-sdk-go/logger.go:36.2,37.69 2 1
gitlab.com/rd/sewan-sdk-go/logger.go:24.30,26.3 1 0
gitlab.com/rd/sewan-sdk-go/logger.go:28.28,30.3 1 1
gitlab.com/rd/sewan-sdk-go/logger.go:33.23,35.3 1 0
gitlab.com/rd/sewan-sdk-go/packageConstantsAndErrors.go:91.53,93.2 1 1
gitlab.com/rd/sewan-sdk-go/packageConstantsAndErrors.go:97.33,98.23 1 1
gitlab.com/rd/sewan-sdk-go/packageConstantsAndErrors.go:101.2,101.17 1 1
gitlab.com/rd/sewan-sdk-go/packageConstantsAndErrors.go:104.2,104.26 1 1
gitlab.com/rd/sewan-sdk-go/packageConstantsAndErrors.go:107.2,107.37 1 1
gitlab.com/rd/sewan-sdk-go/packageConstantsAndErrors.go:113.2,116.71 1 1
gitlab.com/rd/sewan-sdk-go/packageConstantsAndErrors.go:98.23,100.3 1 0
gitlab.com/rd/sewan-sdk-go/packageConstantsAndErrors.go:101.17,103.3 1 0
gitlab.com/rd/sewan-sdk-go/packageConstantsAndErrors.go:104.26,106.3 1 0
gitlab.com/rd/sewan-sdk-go/packageConstantsAndErrors.go:107.37,108.29 1 1
gitlab.com/rd/sewan-sdk-go/packageConstantsAndErrors.go:111.3,111.38 1 1
gitlab.com/rd/sewan-sdk-go/packageConstantsAndErrors.go:108.29,110.4 1 1
gitlab.com/rd/sewan-sdk-go/packageConstantsAndErrors.go:121.19,126.24 5 1
gitlab.com/rd/sewan-sdk-go/packageConstantsAndErrors.go:129.2,129.16 1 1
gitlab.com/rd/sewan-sdk-go/packageConstantsAndErrors.go:132.2,132.23 1 1
gitlab.com/rd/sewan-sdk-go/packageConstantsAndErrors.go:126.24,128.3 1 0
gitlab.com/rd/sewan-sdk-go/packageConstantsAndErrors.go:129.16,131.3 1 0
gitlab.com/rd/sewan-sdk-go/packageConstantsAndErrors.go:133.25,135.26 1 1
gitlab.com/rd/sewan-sdk-go/packageConstantsAndErrors.go:136.21,138.25 1 1
gitlab.com/rd/sewan-sdk-go/packageConstantsAndErrors.go:139.23,141.26 1 1
gitlab.com/rd/sewan-sdk-go/packageConstantsAndErrors.go:142.23,144.28 1 1
gitlab.com/rd/sewan-sdk-go/packageConstantsAndErrors.go:145.10,147.74 1 0
gitlab.com/rd/sewan-sdk-go/packageConstantsAndErrors.go:151.61,152.24 1 1
gitlab.com/rd/sewan-sdk-go/packageConstantsAndErrors.go:155.2,158.34 1 1
gitlab.com/rd/sewan-sdk-go/packageConstantsAndErrors.go:152.24,154.3 1 0
gitlab.com/rd/sewan-sdk-go/resourcesUtils.go:106.33,107.22 1 1
gitlab.com/rd/sewan-sdk-go/resourcesUtils.go:108.23,109.35 1 1
gitlab.com/rd/sewan-sdk-go/resourcesUtils.go:110.22,114.8 1 1
gitlab.com/rd/sewan-sdk-go/resourcesUtils.go:115.10,116.58 1 1
gitlab.com/rd/sewan-sdk-go/resourcesUtils.go:122.84,123.22 1 1
gitlab.com/rd/sewan-sdk-go/resourcesUtils.go:124.23,125.13 1 1
gitlab.com/rd/sewan-sdk-go/resourcesUtils.go:126.22,127.13 1 1
gitlab.com/rd/sewan-sdk-go/resourcesUtils.go:128.10,129.51 1 1
gitlab.com/rd/sewan-sdk-go/resourcesUtils.go:138.30,144.2 5 1
gitlab.com/rd/sewan-sdk-go/resourcesUtils.go:152.28,159.2 6 1
gitlab.com/rd/sewan-sdk-go/resourcesUtils.go:164.35,170.17 4 1
gitlab.com/rd/sewan-sdk-go/resourcesUtils.go:173.2,176.13 2 1
gitlab.com/rd/sewan-sdk-go/resourcesUtils.go:170.17,172.3 1 1
gitlab.com/rd/sewan-sdk-go/resourcesUtils.go:179.77,188.48 2 1
gitlab.com/rd/sewan-sdk-go/resourcesUtils.go:196.2,199.17 4 1
gitlab.com/rd/sewan-sdk-go/resourcesUtils.go:188.48,191.17 2 1
gitlab.com/rd/sewan-sdk-go/resourcesUtils.go:194.3,194.81 1 1
gitlab.com/rd/sewan-sdk-go/resourcesUtils.go:191.17,193.4 1 0
gitlab.com/rd/sewan-sdk-go/resourcesUtils.go:202.73,204.60 2 1
gitlab.com/rd/sewan-sdk-go/resourcesUtils.go:215.2,215.46 1 0
gitlab.com/rd/sewan-sdk-go/resourcesUtils.go:204.60,211.50 7 1
gitlab.com/rd/sewan-sdk-go/resourcesUtils.go:211.50,213.4 1 1
gitlab.com/rd/sewan-sdk-go/resourcesUtils.go:222.44,225.17 2 1
gitlab.com/rd/sewan-sdk-go/resourcesUtils.go:228.2,230.17 2 1
gitlab.com/rd/sewan-sdk-go/resourcesUtils.go:233.2,234.17 2 1
gitlab.com/rd/sewan-sdk-go/resourcesUtils.go:237.2,239.17 2 1
gitlab.com/rd/sewan-sdk-go/resourcesUtils.go:242.2,242.22 1 1
gitlab.com/rd/sewan-sdk-go/resourcesUtils.go:225.17,227.3 1 1
gitlab.com/rd/sewan-sdk-go/resourcesUtils.go:230.17,232.3 1 1
gitlab.com/rd/sewan-sdk-go/resourcesUtils.go:234.17,236.3 1 1
gitlab.com/rd/sewan-sdk-go/resourcesUtils.go:239.17,241.3 1 0
gitlab.com/rd/sewan-sdk-go/resourcesUtils.go:248.30,256.40 3 1
gitlab.com/rd/sewan-sdk-go/resourcesUtils.go:267.2,267.26 1 1
gitlab.com/rd/sewan-sdk-go/resourcesUtils.go:270.2,290.18 2 1
gitlab.com/rd/sewan-sdk-go/resourcesUtils.go:311.2,311.16 1 1
gitlab.com/rd/sewan-sdk-go/resourcesUtils.go:256.40,266.3 4 1
gitlab.com/rd/sewan-sdk-go/resourcesUtils.go:267.26,269.3 1 1
gitlab.com/rd/sewan-sdk-go/resourcesUtils.go:290.18,296.22 2 1
gitlab.com/rd/sewan-sdk-go/resourcesUtils.go:305.3,306.18 2 1
gitlab.com/rd/sewan-sdk-go/resourcesUtils.go:309.3,309.45 1 1
gitlab.com/rd/sewan-sdk-go/resourcesUtils.go:296.22,300.18 3 1
gitlab.com/rd/sewan-sdk-go/resourcesUtils.go:303.4,303.47 1 1
gitlab.com/rd/sewan-sdk-go/resourcesUtils.go:300.18,302.5 1 0
gitlab.com/rd/sewan-sdk-go/resourcesUtils.go:306.18,308.4 1 0
gitlab.com/rd/sewan-sdk-go/templatesUtils.go:61.62,66.41 2 1
gitlab.com/rd/sewan-sdk-go/templatesUtils.go:84.2,84.49 1 1
gitlab.com/rd/sewan-sdk-go/templatesUtils.go:88.2,88.36 1 1
gitlab.com/rd/sewan-sdk-go/templatesUtils.go:66.41,67.49 1 1
gitlab.com/rd/sewan-sdk-go/templatesUtils.go:68.20,72.40 2 1
gitlab.com/rd/sewan-sdk-go/templatesUtils.go:76.11,81.9 2 1
gitlab.com/rd/sewan-sdk-go/templatesUtils.go:72.40,74.10 2 1
gitlab.com/rd/sewan-sdk-go/templatesUtils.go:84.49,87.3 1 1
gitlab.com/rd/sewan-sdk-go/templatesUtils.go:95.92,102.50 2 1
gitlab.com/rd/sewan-sdk-go/templatesUtils.go:109.2,109.38 1 1
gitlab.com/rd/sewan-sdk-go/templatesUtils.go:120.2,120.22 1 1
gitlab.com/rd/sewan-sdk-go/templatesUtils.go:102.50,103.35 1 1
gitlab.com/rd/sewan-sdk-go/templatesUtils.go:103.35,107.4 3 1
gitlab.com/rd/sewan-sdk-go/templatesUtils.go:109.38,112.3 1 1
gitlab.com/rd/sewan-sdk-go/templatesUtils.go:112.8,114.74 2 1
gitlab.com/rd/sewan-sdk-go/templatesUtils.go:114.74,118.4 1 1
gitlab.com/rd/sewan-sdk-go/templatesUtils.go:124.41,125.18 1 1
gitlab.com/rd/sewan-sdk-go/templatesUtils.go:130.2,130.35 1 1
gitlab.com/rd/sewan-sdk-go/templatesUtils.go:135.2,135.12 1 1
gitlab.com/rd/sewan-sdk-go/templatesUtils.go:125.18,129.3 1 1
gitlab.com/rd/sewan-sdk-go/templatesUtils.go:130.35,131.73 1 1
gitlab.com/rd/sewan-sdk-go/templatesUtils.go:131.73,133.4 1 1
gitlab.com/rd/sewan-sdk-go/templatesUtils.go:144.51,160.9 3 1
gitlab.com/rd/sewan-sdk-go/templatesUtils.go:161.34,163.56 1 1
gitlab.com/rd/sewan-sdk-go/templatesUtils.go:164.10,169.12 5 1
gitlab.com/rd/sewan-sdk-go/templatesUtils.go:173.3,175.67 3 1
gitlab.com/rd/sewan-sdk-go/templatesUtils.go:204.3,204.36 1 1
gitlab.com/rd/sewan-sdk-go/templatesUtils.go:169.12,172.4 2 1
gitlab.com/rd/sewan-sdk-go/templatesUtils.go:175.67,177.73 2 1
gitlab.com/rd/sewan-sdk-go/templatesUtils.go:186.4,188.69 3 1
gitlab.com/rd/sewan-sdk-go/templatesUtils.go:196.4,202.18 6 1
gitlab.com/rd/sewan-sdk-go/templatesUtils.go:177.73,185.5 3 1
gitlab.com/rd/sewan-sdk-go/templatesUtils.go:188.69,195.5 3 1
gitlab.com/rd/sewan-sdk-go/templatesUtils.go:210.37,215.28 2 1
gitlab.com/rd/sewan-sdk-go/templatesUtils.go:228.2,228.63 1 1
gitlab.com/rd/sewan-sdk-go/templatesUtils.go:232.2,232.24 1 1
gitlab.com/rd/sewan-sdk-go/templatesUtils.go:215.28,217.73 2 1
gitlab.com/rd/sewan-sdk-go/templatesUtils.go:226.3,226.52 1 1
gitlab.com/rd/sewan-sdk-go/templatesUtils.go:217.73,218.24 1 1
gitlab.com/rd/sewan-sdk-go/templatesUtils.go:219.23,220.41 1 1
gitlab.com/rd/sewan-sdk-go/templatesUtils.go:221.24,222.41 1 1
gitlab.com/rd/sewan-sdk-go/templatesUtils.go:223.12,223.12 0 1
gitlab.com/rd/sewan-sdk-go/templatesUtils.go:228.63,231.3 1 1
gitlab.com/rd/sewan-sdk-go/templatesUtils.go:237.21,243.38 2 1
gitlab.com/rd/sewan-sdk-go/templatesUtils.go:244.22,245.10 1 1
gitlab.com/rd/sewan-sdk-go/templatesUtils.go:254.19,255.10 1 1
gitlab.com/rd/sewan-sdk-go/templatesUtils.go:261.21,262.10 1 1
gitlab.com/rd/sewan-sdk-go/templatesUtils.go:271.10,271.10 0 0
gitlab.com/rd/sewan-sdk-go/templatesUtils.go:246.37,246.37 0 0
gitlab.com/rd/sewan-sdk-go/templatesUtils.go:247.37,247.37 0 1
gitlab.com/rd/sewan-sdk-go/templatesUtils.go:248.39,248.39 0 1
gitlab.com/rd/sewan-sdk-go/templatesUtils.go:249.45,249.45 0 0
gitlab.com/rd/sewan-sdk-go/templatesUtils.go:250.39,251.48 1 1
gitlab.com/rd/sewan-sdk-go/templatesUtils.go:252.11,252.11 0 1
gitlab.com/rd/sewan-sdk-go/templatesUtils.go:256.37,256.37 0 1
gitlab.com/rd/sewan-sdk-go/templatesUtils.go:257.44,258.62 1 1
gitlab.com/rd/sewan-sdk-go/templatesUtils.go:259.11,259.11 0 1
gitlab.com/rd/sewan-sdk-go/templatesUtils.go:263.26,263.26 0 1
gitlab.com/rd/sewan-sdk-go/templatesUtils.go:264.25,268.45 2 1
gitlab.com/rd/sewan-sdk-go/templatesUtils.go:269.11,269.11 0 0
gitlab.com/rd/sewan-sdk-go/terraformSchemaUtils.go:31.80,33.2 1 1
gitlab.com/rd/sewan-sdk-go/terraformSchemaUtils.go:37.59,42.40 2 1
gitlab.com/rd/sewan-sdk-go/terraformSchemaUtils.go:67.2,67.20 1 1
gitlab.com/rd/sewan-sdk-go/terraformSchemaUtils.go:42.40,44.21 2 1
gitlab.com/rd/sewan-sdk-go/terraformSchemaUtils.go:65.3,65.18 1 1
gitlab.com/rd/sewan-sdk-go/terraformSchemaUtils.go:44.21,46.11 2 1
gitlab.com/rd/sewan-sdk-go/terraformSchemaUtils.go:61.4,61.16 1 1
gitlab.com/rd/sewan-sdk-go/terraformSchemaUtils.go:47.57,48.60 1 1
gitlab.com/rd/sewan-sdk-go/terraformSchemaUtils.go:49.53,50.36 1 1
gitlab.com/rd/sewan-sdk-go/terraformSchemaUtils.go:51.56,52.21 1 1
gitlab.com/rd/sewan-sdk-go/terraformSchemaUtils.go:57.12,59.63 1 0
gitlab.com/rd/sewan-sdk-go/terraformSchemaUtils.go:52.21,54.6 1 0
gitlab.com/rd/sewan-sdk-go/terraformSchemaUtils.go:54.11,56.6 1 1
gitlab.com/rd/sewan-sdk-go/terraformSchemaUtils.go:62.9,64.4 1 1
gitlab.com/rd/sewan-sdk-go/terraformSchemaUtils.go:110.42,115.35 2 1
gitlab.com/rd/sewan-sdk-go/terraformSchemaUtils.go:153.2,153.29 1 1
gitlab.com/rd/sewan-sdk-go/terraformSchemaUtils.go:116.14,117.29 1 1
gitlab.com/rd/sewan-sdk-go/terraformSchemaUtils.go:118.12,119.27 1 1
gitlab.com/rd/sewan-sdk-go/terraformSchemaUtils.go:120.15,121.35 1 1
gitlab.com/rd/sewan-sdk-go/terraformSchemaUtils.go:122.11,123.26 1 1
gitlab.com/rd/sewan-sdk-go/terraformSchemaUtils.go:124.30,128.43 4 1
gitlab.com/rd/sewan-sdk-go/terraformSchemaUtils.go:134.3,134.27 1 1
gitlab.com/rd/sewan-sdk-go/terraformSchemaUtils.go:135.21,138.45 3 1
gitlab.com/rd/sewan-sdk-go/terraformSchemaUtils.go:144.3,144.28 1 1
gitlab.com/rd/sewan-sdk-go/terraformSchemaUtils.go:145.10,146.19 1 0
gitlab.com/rd/sewan-sdk-go/terraformSchemaUtils.go:128.43,133.4 2 1
gitlab.com/rd/sewan-sdk-go/terraformSchemaUtils.go:138.45,143.4 2 1
gitlab.com/rd/sewan-sdk-go/terraformSchemaUtils.go:146.19,148.4 1 0
gitlab.com/rd/sewan-sdk-go/terraformSchemaUtils.go:148.9,151.4 1 0
gitlab.com/rd/sewan-sdk-go/api.go:81.86,88.2 1 1
gitlab.com/rd/sewan-sdk-go/api.go:93.40,97.2 1 1
gitlab.com/rd/sewan-sdk-go/api.go:105.48,115.16 3 1
gitlab.com/rd/sewan-sdk-go/api.go:118.2,118.48 1 1
gitlab.com/rd/sewan-sdk-go/api.go:131.2,135.22 4 1
gitlab.com/rd/sewan-sdk-go/api.go:115.16,117.3 1 1
gitlab.com/rd/sewan-sdk-go/api.go:118.48,119.51 1 1
gitlab.com/rd/sewan-sdk-go/api.go:120.15,122.39 1 1
gitlab.com/rd/sewan-sdk-go/api.go:123.13,125.39 1 1
gitlab.com/rd/sewan-sdk-go/api.go:126.11,128.39 1 1
gitlab.com/rd/sewan-sdk-go/api.go:148.46,157.17 3 1
gitlab.com/rd/sewan-sdk-go/api.go:160.2,161.17 2 1
gitlab.com/rd/sewan-sdk-go/api.go:164.2,167.17 2 1
gitlab.com/rd/sewan-sdk-go/api.go:170.2,173.9 4 1
gitlab.com/rd/sewan-sdk-go/api.go:157.17,159.3 1 1
gitlab.com/rd/sewan-sdk-go/api.go:161.17,163.3 1 0
gitlab.com/rd/sewan-sdk-go/api.go:167.17,169.3 1 0
gitlab.com/rd/sewan-sdk-go/api.go:174.19,176.23 1 1
gitlab.com/rd/sewan-sdk-go/api.go:177.10,181.29 2 1
gitlab.com/rd/sewan-sdk-go/api.go:184.3,184.56 1 1
gitlab.com/rd/sewan-sdk-go/api.go:181.29,183.4 1 1
gitlab.com/rd/sewan-sdk-go/api.go:197.46,199.17 2 1
gitlab.com/rd/sewan-sdk-go/api.go:202.2,204.17 2 1
gitlab.com/rd/sewan-sdk-go/api.go:207.2,209.9 3 1
gitlab.com/rd/sewan-sdk-go/api.go:199.17,201.3 1 1
gitlab.com/rd/sewan-sdk-go/api.go:204.17,206.3 1 0
gitlab.com/rd/sewan-sdk-go/api.go:210.19,213.9 1 1
gitlab.com/rd/sewan-sdk-go/api.go:214.10,215.64 1 1
gitlab.com/rd/sewan-sdk-go/api.go:218.3,221.26 2 1
gitlab.com/rd/sewan-sdk-go/api.go:224.3,224.38 1 1
gitlab.com/rd/sewan-sdk-go/api.go:231.3,231.53 1 1
gitlab.com/rd/sewan-sdk-go/api.go:215.64,217.4 1 1
gitlab.com/rd/sewan-sdk-go/api.go:221.26,223.4 1 1
gitlab.com/rd/sewan-sdk-go/api.go:224.38,227.19 2 1
gitlab.com/rd/sewan-sdk-go/api.go:227.19,229.5 1 1
gitlab.com/rd/sewan-sdk-go/api.go:241.55,245.74 2 1
gitlab.com/rd/sewan-sdk-go/api.go:254.2,254.47 1 1
gitlab.com/rd/sewan-sdk-go/api.go:245.74,248.17 2 1
gitlab.com/rd/sewan-sdk-go/api.go:251.3,252.50 2 1
gitlab.com/rd/sewan-sdk-go/api.go:248.17,250.4 1 1
gitlab.com/rd/sewan-sdk-go/api.go:258.73,259.56 1 1
gitlab.com/rd/sewan-sdk-go/api.go:266.2,266.46 1 1
gitlab.com/rd/sewan-sdk-go/api.go:259.56,262.50 3 1
gitlab.com/rd/sewan-sdk-go/api.go:262.50,264.4 1 1
gitlab.com/rd/sewan-sdk-go/api.go:279.20,286.17 2 1
gitlab.com/rd/sewan-sdk-go/api.go:289.2,290.17 2 1
gitlab.com/rd/sewan-sdk-go/api.go:293.2,296.17 2 1
gitlab.com/rd/sewan-sdk-go/api.go:299.2,302.9 4 1
gitlab.com/rd/sewan-sdk-go/api.go:286.17,288.3 1 1
gitlab.com/rd/sewan-sdk-go/api.go:290.17,292.3 1 0
gitlab.com/rd/sewan-sdk-go/api.go:296.17,298.3 1 0
gitlab.com/rd/sewan-sdk-go/api.go:303.19,306.9 1 1
gitlab.com/rd/sewan-sdk-go/api.go:307.10,311.14 2 1
gitlab.com/rd/sewan-sdk-go/api.go:324.20,326.17 2 1
gitlab.com/rd/sewan-sdk-go/api.go:329.2,331.17 2 1
gitlab.com/rd/sewan-sdk-go/api.go:334.2,336.9 3 1
gitlab.com/rd/sewan-sdk-go/api.go:326.17,328.3 1 1
gitlab.com/rd/sewan-sdk-go/api.go:331.17,333.3 1 0
gitlab.com/rd/sewan-sdk-go/api.go:337.19,340.9 1 1
gitlab.com/rd/sewan-sdk-go/api.go:341.10,345.14 2 1
