mode: set
gitlab.com/rd/sewan-sdk-go/httpClient.go:32.84,34.2 1 0
gitlab.com/rd/sewan-sdk-go/httpClient.go:37.35,39.25 2 1
gitlab.com/rd/sewan-sdk-go/httpClient.go:42.2,42.26 1 1
gitlab.com/rd/sewan-sdk-go/httpClient.go:39.25,41.3 1 1
gitlab.com/rd/sewan-sdk-go/httpClient.go:48.35,50.25 2 1
gitlab.com/rd/sewan-sdk-go/httpClient.go:53.2,53.26 1 1
gitlab.com/rd/sewan-sdk-go/httpClient.go:50.25,52.3 1 1
gitlab.com/rd/sewan-sdk-go/httpClient.go:62.42,71.17 7 1
gitlab.com/rd/sewan-sdk-go/httpClient.go:74.2,76.17 3 1
gitlab.com/rd/sewan-sdk-go/httpClient.go:79.2,82.17 2 1
gitlab.com/rd/sewan-sdk-go/httpClient.go:85.2,85.21 1 1
gitlab.com/rd/sewan-sdk-go/httpClient.go:88.2,88.38 1 1
gitlab.com/rd/sewan-sdk-go/httpClient.go:71.17,73.3 1 0
gitlab.com/rd/sewan-sdk-go/httpClient.go:76.17,78.3 1 1
gitlab.com/rd/sewan-sdk-go/httpClient.go:82.17,84.3 1 1
gitlab.com/rd/sewan-sdk-go/httpClient.go:85.21,87.3 1 1
gitlab.com/rd/sewan-sdk-go/httpClient.go:96.50,97.17 1 1
gitlab.com/rd/sewan-sdk-go/httpClient.go:100.2,100.22 1 1
gitlab.com/rd/sewan-sdk-go/httpClient.go:103.2,105.39 3 1
gitlab.com/rd/sewan-sdk-go/httpClient.go:110.2,110.21 1 1
gitlab.com/rd/sewan-sdk-go/httpClient.go:97.17,99.3 1 1
gitlab.com/rd/sewan-sdk-go/httpClient.go:100.22,102.3 1 1
gitlab.com/rd/sewan-sdk-go/httpClient.go:105.39,109.3 1 1
gitlab.com/rd/sewan-sdk-go/httpClient.go:111.27,112.51 1 1
gitlab.com/rd/sewan-sdk-go/httpClient.go:113.31,114.51 1 1
gitlab.com/rd/sewan-sdk-go/httpClient.go:115.10,116.63 1 0
gitlab.com/rd/sewan-sdk-go/httpClient.go:117.10,121.23 1 1
gitlab.com/rd/sewan-sdk-go/httpClient.go:126.41,131.17 3 1
gitlab.com/rd/sewan-sdk-go/httpClient.go:135.2,135.29 1 1
gitlab.com/rd/sewan-sdk-go/httpClient.go:138.2,139.17 2 1
gitlab.com/rd/sewan-sdk-go/httpClient.go:144.2,145.17 2 1
gitlab.com/rd/sewan-sdk-go/httpClient.go:149.2,149.42 1 1
gitlab.com/rd/sewan-sdk-go/httpClient.go:131.17,134.3 1 0
gitlab.com/rd/sewan-sdk-go/httpClient.go:135.29,137.3 1 0
gitlab.com/rd/sewan-sdk-go/httpClient.go:139.17,143.3 1 1
gitlab.com/rd/sewan-sdk-go/httpClient.go:145.17,148.3 1 0
gitlab.com/rd/sewan-sdk-go/httpClient.go:153.41,155.17 2 1
gitlab.com/rd/sewan-sdk-go/httpClient.go:158.2,159.17 2 1
gitlab.com/rd/sewan-sdk-go/httpClient.go:163.2,163.31 1 1
gitlab.com/rd/sewan-sdk-go/httpClient.go:155.17,157.3 1 0
gitlab.com/rd/sewan-sdk-go/httpClient.go:159.17,162.3 1 0
gitlab.com/rd/sewan-sdk-go/logger.go:14.47,16.2 1 0
gitlab.com/rd/sewan-sdk-go/logger.go:18.47,24.30 6 0
gitlab.com/rd/sewan-sdk-go/logger.go:27.2,28.28 2 0
gitlab.com/rd/sewan-sdk-go/logger.go:31.2,33.23 3 0
gitlab.com/rd/sewan-sdk-go/logger.go:36.2,37.69 2 0
gitlab.com/rd/sewan-sdk-go/logger.go:24.30,26.3 1 0
gitlab.com/rd/sewan-sdk-go/logger.go:28.28,30.3 1 0
gitlab.com/rd/sewan-sdk-go/logger.go:33.23,35.3 1 0
gitlab.com/rd/sewan-sdk-go/packageConstantsAndErrors.go:91.33,92.23 1 1
gitlab.com/rd/sewan-sdk-go/packageConstantsAndErrors.go:95.2,95.17 1 1
gitlab.com/rd/sewan-sdk-go/packageConstantsAndErrors.go:98.2,98.26 1 1
gitlab.com/rd/sewan-sdk-go/packageConstantsAndErrors.go:101.2,101.37 1 1
gitlab.com/rd/sewan-sdk-go/packageConstantsAndErrors.go:107.2,110.71 1 1
gitlab.com/rd/sewan-sdk-go/packageConstantsAndErrors.go:92.23,94.3 1 0
gitlab.com/rd/sewan-sdk-go/packageConstantsAndErrors.go:95.17,97.3 1 0
gitlab.com/rd/sewan-sdk-go/packageConstantsAndErrors.go:98.26,100.3 1 0
gitlab.com/rd/sewan-sdk-go/packageConstantsAndErrors.go:101.37,102.29 1 1
gitlab.com/rd/sewan-sdk-go/packageConstantsAndErrors.go:105.3,105.38 1 1
gitlab.com/rd/sewan-sdk-go/packageConstantsAndErrors.go:102.29,104.4 1 1
gitlab.com/rd/sewan-sdk-go/packageConstantsAndErrors.go:115.19,120.24 5 1
gitlab.com/rd/sewan-sdk-go/packageConstantsAndErrors.go:123.2,123.16 1 1
gitlab.com/rd/sewan-sdk-go/packageConstantsAndErrors.go:126.2,126.23 1 1
gitlab.com/rd/sewan-sdk-go/packageConstantsAndErrors.go:120.24,122.3 1 0
gitlab.com/rd/sewan-sdk-go/packageConstantsAndErrors.go:123.16,125.3 1 0
gitlab.com/rd/sewan-sdk-go/packageConstantsAndErrors.go:127.25,129.26 1 1
gitlab.com/rd/sewan-sdk-go/packageConstantsAndErrors.go:130.21,132.25 1 1
gitlab.com/rd/sewan-sdk-go/packageConstantsAndErrors.go:133.23,135.26 1 1
gitlab.com/rd/sewan-sdk-go/packageConstantsAndErrors.go:136.23,138.28 1 1
gitlab.com/rd/sewan-sdk-go/packageConstantsAndErrors.go:139.10,141.74 1 0
gitlab.com/rd/sewan-sdk-go/packageConstantsAndErrors.go:145.61,146.24 1 1
gitlab.com/rd/sewan-sdk-go/packageConstantsAndErrors.go:149.2,152.34 1 1
gitlab.com/rd/sewan-sdk-go/packageConstantsAndErrors.go:146.24,148.3 1 0
gitlab.com/rd/sewan-sdk-go/resourcesUtils.go:99.67,111.48 3 1
gitlab.com/rd/sewan-sdk-go/resourcesUtils.go:119.2,119.17 1 1
gitlab.com/rd/sewan-sdk-go/resourcesUtils.go:111.48,118.3 6 1
gitlab.com/rd/sewan-sdk-go/resourcesUtils.go:126.44,129.17 2 1
gitlab.com/rd/sewan-sdk-go/resourcesUtils.go:132.2,134.17 2 1
gitlab.com/rd/sewan-sdk-go/resourcesUtils.go:137.2,138.17 2 1
gitlab.com/rd/sewan-sdk-go/resourcesUtils.go:141.2,143.17 2 1
gitlab.com/rd/sewan-sdk-go/resourcesUtils.go:146.2,146.22 1 1
gitlab.com/rd/sewan-sdk-go/resourcesUtils.go:129.17,131.3 1 1
gitlab.com/rd/sewan-sdk-go/resourcesUtils.go:134.17,136.3 1 1
gitlab.com/rd/sewan-sdk-go/resourcesUtils.go:138.17,140.3 1 1
gitlab.com/rd/sewan-sdk-go/resourcesUtils.go:143.17,145.3 1 0
gitlab.com/rd/sewan-sdk-go/resourcesUtils.go:152.30,160.40 3 1
gitlab.com/rd/sewan-sdk-go/resourcesUtils.go:171.2,171.26 1 1
gitlab.com/rd/sewan-sdk-go/resourcesUtils.go:174.2,194.18 2 1
gitlab.com/rd/sewan-sdk-go/resourcesUtils.go:215.2,215.16 1 1
gitlab.com/rd/sewan-sdk-go/resourcesUtils.go:160.40,170.3 4 1
gitlab.com/rd/sewan-sdk-go/resourcesUtils.go:171.26,173.3 1 1
gitlab.com/rd/sewan-sdk-go/resourcesUtils.go:194.18,200.22 2 1
gitlab.com/rd/sewan-sdk-go/resourcesUtils.go:209.3,210.18 2 1
gitlab.com/rd/sewan-sdk-go/resourcesUtils.go:213.3,213.45 1 1
gitlab.com/rd/sewan-sdk-go/resourcesUtils.go:200.22,204.18 3 1
gitlab.com/rd/sewan-sdk-go/resourcesUtils.go:207.4,207.47 1 1
gitlab.com/rd/sewan-sdk-go/resourcesUtils.go:204.18,206.5 1 0
gitlab.com/rd/sewan-sdk-go/resourcesUtils.go:210.18,212.4 1 0
gitlab.com/rd/sewan-sdk-go/resourcesUtils.go:225.33,226.22 1 1
gitlab.com/rd/sewan-sdk-go/resourcesUtils.go:227.23,228.30 1 1
gitlab.com/rd/sewan-sdk-go/resourcesUtils.go:229.22,233.8 1 1
gitlab.com/rd/sewan-sdk-go/resourcesUtils.go:234.10,235.58 1 1
gitlab.com/rd/sewan-sdk-go/resourcesUtils.go:241.84,242.22 1 1
gitlab.com/rd/sewan-sdk-go/resourcesUtils.go:243.23,244.13 1 1
gitlab.com/rd/sewan-sdk-go/resourcesUtils.go:245.22,246.13 1 1
gitlab.com/rd/sewan-sdk-go/resourcesUtils.go:247.10,248.51 1 1
gitlab.com/rd/sewan-sdk-go/resourcesUtils.go:257.30,263.2 5 1
gitlab.com/rd/sewan-sdk-go/resourcesUtils.go:271.28,278.2 6 1
gitlab.com/rd/sewan-sdk-go/resourcesUtils.go:283.35,289.17 4 1
gitlab.com/rd/sewan-sdk-go/resourcesUtils.go:292.2,295.13 2 1
gitlab.com/rd/sewan-sdk-go/resourcesUtils.go:289.17,291.3 1 1
gitlab.com/rd/sewan-sdk-go/templatesUtils.go:61.62,66.41 2 1
gitlab.com/rd/sewan-sdk-go/templatesUtils.go:84.2,84.49 1 1
gitlab.com/rd/sewan-sdk-go/templatesUtils.go:88.2,88.36 1 1
gitlab.com/rd/sewan-sdk-go/templatesUtils.go:66.41,67.49 1 1
gitlab.com/rd/sewan-sdk-go/templatesUtils.go:68.20,72.40 2 1
gitlab.com/rd/sewan-sdk-go/templatesUtils.go:76.11,81.9 2 1
gitlab.com/rd/sewan-sdk-go/templatesUtils.go:72.40,74.10 2 1
gitlab.com/rd/sewan-sdk-go/templatesUtils.go:84.49,87.3 1 1
gitlab.com/rd/sewan-sdk-go/templatesUtils.go:95.92,102.50 2 1
gitlab.com/rd/sewan-sdk-go/templatesUtils.go:109.2,109.38 1 1
gitlab.com/rd/sewan-sdk-go/templatesUtils.go:120.2,120.22 1 1
gitlab.com/rd/sewan-sdk-go/templatesUtils.go:102.50,103.35 1 1
gitlab.com/rd/sewan-sdk-go/templatesUtils.go:103.35,107.4 3 1
gitlab.com/rd/sewan-sdk-go/templatesUtils.go:109.38,112.3 1 1
gitlab.com/rd/sewan-sdk-go/templatesUtils.go:112.8,114.74 2 1
gitlab.com/rd/sewan-sdk-go/templatesUtils.go:114.74,118.4 1 1
gitlab.com/rd/sewan-sdk-go/templatesUtils.go:124.41,125.18 1 1
gitlab.com/rd/sewan-sdk-go/templatesUtils.go:130.2,130.35 1 1
gitlab.com/rd/sewan-sdk-go/templatesUtils.go:135.2,135.12 1 1
gitlab.com/rd/sewan-sdk-go/templatesUtils.go:125.18,129.3 1 1
gitlab.com/rd/sewan-sdk-go/templatesUtils.go:130.35,131.73 1 1
gitlab.com/rd/sewan-sdk-go/templatesUtils.go:131.73,133.4 1 1
gitlab.com/rd/sewan-sdk-go/templatesUtils.go:144.51,160.9 3 1
gitlab.com/rd/sewan-sdk-go/templatesUtils.go:161.34,163.56 1 1
gitlab.com/rd/sewan-sdk-go/templatesUtils.go:164.10,169.12 5 1
gitlab.com/rd/sewan-sdk-go/templatesUtils.go:173.3,175.67 3 1
gitlab.com/rd/sewan-sdk-go/templatesUtils.go:204.3,204.36 1 1
gitlab.com/rd/sewan-sdk-go/templatesUtils.go:169.12,172.4 2 1
gitlab.com/rd/sewan-sdk-go/templatesUtils.go:175.67,177.73 2 1
gitlab.com/rd/sewan-sdk-go/templatesUtils.go:186.4,188.69 3 1
gitlab.com/rd/sewan-sdk-go/templatesUtils.go:196.4,202.18 6 1
gitlab.com/rd/sewan-sdk-go/templatesUtils.go:177.73,185.5 3 1
gitlab.com/rd/sewan-sdk-go/templatesUtils.go:188.69,195.5 3 1
gitlab.com/rd/sewan-sdk-go/templatesUtils.go:210.37,215.28 2 1
gitlab.com/rd/sewan-sdk-go/templatesUtils.go:228.2,228.63 1 1
gitlab.com/rd/sewan-sdk-go/templatesUtils.go:232.2,232.24 1 1
gitlab.com/rd/sewan-sdk-go/templatesUtils.go:215.28,217.73 2 1
gitlab.com/rd/sewan-sdk-go/templatesUtils.go:226.3,226.52 1 1
gitlab.com/rd/sewan-sdk-go/templatesUtils.go:217.73,218.24 1 1
gitlab.com/rd/sewan-sdk-go/templatesUtils.go:219.23,220.41 1 1
gitlab.com/rd/sewan-sdk-go/templatesUtils.go:221.24,222.41 1 1
gitlab.com/rd/sewan-sdk-go/templatesUtils.go:223.12,223.12 0 1
gitlab.com/rd/sewan-sdk-go/templatesUtils.go:228.63,231.3 1 1
gitlab.com/rd/sewan-sdk-go/templatesUtils.go:237.21,243.38 2 1
gitlab.com/rd/sewan-sdk-go/templatesUtils.go:244.22,245.10 1 1
gitlab.com/rd/sewan-sdk-go/templatesUtils.go:254.19,255.10 1 1
gitlab.com/rd/sewan-sdk-go/templatesUtils.go:261.21,262.10 1 1
gitlab.com/rd/sewan-sdk-go/templatesUtils.go:271.10,271.10 0 0
gitlab.com/rd/sewan-sdk-go/templatesUtils.go:246.37,246.37 0 0
gitlab.com/rd/sewan-sdk-go/templatesUtils.go:247.37,247.37 0 1
gitlab.com/rd/sewan-sdk-go/templatesUtils.go:248.39,248.39 0 1
gitlab.com/rd/sewan-sdk-go/templatesUtils.go:249.45,249.45 0 0
gitlab.com/rd/sewan-sdk-go/templatesUtils.go:250.39,251.48 1 1
gitlab.com/rd/sewan-sdk-go/templatesUtils.go:252.11,252.11 0 1
gitlab.com/rd/sewan-sdk-go/templatesUtils.go:256.37,256.37 0 1
gitlab.com/rd/sewan-sdk-go/templatesUtils.go:257.44,258.62 1 1
gitlab.com/rd/sewan-sdk-go/templatesUtils.go:259.11,259.11 0 1
gitlab.com/rd/sewan-sdk-go/templatesUtils.go:263.26,263.26 0 1
gitlab.com/rd/sewan-sdk-go/templatesUtils.go:264.25,268.45 2 1
gitlab.com/rd/sewan-sdk-go/templatesUtils.go:269.11,269.11 0 0
gitlab.com/rd/sewan-sdk-go/terraformSchemaUtils.go:31.80,33.2 1 1
gitlab.com/rd/sewan-sdk-go/terraformSchemaUtils.go:37.59,42.40 2 1
gitlab.com/rd/sewan-sdk-go/terraformSchemaUtils.go:67.2,67.20 1 1
gitlab.com/rd/sewan-sdk-go/terraformSchemaUtils.go:42.40,44.21 2 1
gitlab.com/rd/sewan-sdk-go/terraformSchemaUtils.go:65.3,65.18 1 1
gitlab.com/rd/sewan-sdk-go/terraformSchemaUtils.go:44.21,46.11 2 1
gitlab.com/rd/sewan-sdk-go/terraformSchemaUtils.go:61.4,61.16 1 1
gitlab.com/rd/sewan-sdk-go/terraformSchemaUtils.go:47.57,48.60 1 1
gitlab.com/rd/sewan-sdk-go/terraformSchemaUtils.go:49.53,50.36 1 1
gitlab.com/rd/sewan-sdk-go/terraformSchemaUtils.go:51.56,52.21 1 1
gitlab.com/rd/sewan-sdk-go/terraformSchemaUtils.go:57.12,59.63 1 0
gitlab.com/rd/sewan-sdk-go/terraformSchemaUtils.go:52.21,54.6 1 0
gitlab.com/rd/sewan-sdk-go/terraformSchemaUtils.go:54.11,56.6 1 1
gitlab.com/rd/sewan-sdk-go/terraformSchemaUtils.go:62.9,64.4 1 1
gitlab.com/rd/sewan-sdk-go/terraformSchemaUtils.go:73.86,80.44 2 1
gitlab.com/rd/sewan-sdk-go/terraformSchemaUtils.go:89.2,89.56 1 1
gitlab.com/rd/sewan-sdk-go/terraformSchemaUtils.go:80.44,88.3 5 1
gitlab.com/rd/sewan-sdk-go/terraformSchemaUtils.go:110.42,115.35 2 1
gitlab.com/rd/sewan-sdk-go/terraformSchemaUtils.go:153.2,153.29 1 1
gitlab.com/rd/sewan-sdk-go/terraformSchemaUtils.go:116.14,117.29 1 1
gitlab.com/rd/sewan-sdk-go/terraformSchemaUtils.go:118.12,119.27 1 1
gitlab.com/rd/sewan-sdk-go/terraformSchemaUtils.go:120.15,121.35 1 1
gitlab.com/rd/sewan-sdk-go/terraformSchemaUtils.go:122.11,123.26 1 1
gitlab.com/rd/sewan-sdk-go/terraformSchemaUtils.go:124.30,128.43 4 1
gitlab.com/rd/sewan-sdk-go/terraformSchemaUtils.go:134.3,134.27 1 1
gitlab.com/rd/sewan-sdk-go/terraformSchemaUtils.go:135.21,138.45 3 1
gitlab.com/rd/sewan-sdk-go/terraformSchemaUtils.go:144.3,144.28 1 1
gitlab.com/rd/sewan-sdk-go/terraformSchemaUtils.go:145.10,146.19 1 0
gitlab.com/rd/sewan-sdk-go/terraformSchemaUtils.go:128.43,133.4 2 1
gitlab.com/rd/sewan-sdk-go/terraformSchemaUtils.go:138.45,143.4 2 1
gitlab.com/rd/sewan-sdk-go/terraformSchemaUtils.go:146.19,148.4 1 0
gitlab.com/rd/sewan-sdk-go/terraformSchemaUtils.go:148.9,151.4 1 0
gitlab.com/rd/sewan-sdk-go/api.go:66.82,73.2 1 1
gitlab.com/rd/sewan-sdk-go/api.go:78.40,82.2 1 1
gitlab.com/rd/sewan-sdk-go/api.go:90.48,100.16 3 1
gitlab.com/rd/sewan-sdk-go/api.go:103.2,103.48 1 1
gitlab.com/rd/sewan-sdk-go/api.go:116.2,120.22 4 1
gitlab.com/rd/sewan-sdk-go/api.go:100.16,102.3 1 1
gitlab.com/rd/sewan-sdk-go/api.go:103.48,104.51 1 1
gitlab.com/rd/sewan-sdk-go/api.go:105.15,107.39 1 1
gitlab.com/rd/sewan-sdk-go/api.go:108.13,110.39 1 1
gitlab.com/rd/sewan-sdk-go/api.go:111.11,113.39 1 1
gitlab.com/rd/sewan-sdk-go/api.go:133.46,142.17 3 1
gitlab.com/rd/sewan-sdk-go/api.go:145.2,146.17 2 1
gitlab.com/rd/sewan-sdk-go/api.go:149.2,152.17 2 1
gitlab.com/rd/sewan-sdk-go/api.go:155.2,158.9 4 1
gitlab.com/rd/sewan-sdk-go/api.go:142.17,144.3 1 1
gitlab.com/rd/sewan-sdk-go/api.go:146.17,148.3 1 0
gitlab.com/rd/sewan-sdk-go/api.go:152.17,154.3 1 0
gitlab.com/rd/sewan-sdk-go/api.go:159.19,161.23 1 1
gitlab.com/rd/sewan-sdk-go/api.go:162.10,166.29 2 1
gitlab.com/rd/sewan-sdk-go/api.go:169.3,169.56 1 1
gitlab.com/rd/sewan-sdk-go/api.go:166.29,168.4 1 1
gitlab.com/rd/sewan-sdk-go/api.go:182.46,184.17 2 1
gitlab.com/rd/sewan-sdk-go/api.go:187.2,189.17 2 1
gitlab.com/rd/sewan-sdk-go/api.go:192.2,194.9 3 1
gitlab.com/rd/sewan-sdk-go/api.go:184.17,186.3 1 1
gitlab.com/rd/sewan-sdk-go/api.go:189.17,191.3 1 0
gitlab.com/rd/sewan-sdk-go/api.go:195.19,198.9 1 1
gitlab.com/rd/sewan-sdk-go/api.go:199.10,200.64 1 1
gitlab.com/rd/sewan-sdk-go/api.go:203.3,206.26 2 1
gitlab.com/rd/sewan-sdk-go/api.go:209.3,209.38 1 1
gitlab.com/rd/sewan-sdk-go/api.go:216.3,216.53 1 1
gitlab.com/rd/sewan-sdk-go/api.go:200.64,202.4 1 1
gitlab.com/rd/sewan-sdk-go/api.go:206.26,208.4 1 1
gitlab.com/rd/sewan-sdk-go/api.go:209.38,212.19 2 1
gitlab.com/rd/sewan-sdk-go/api.go:212.19,214.5 1 0
gitlab.com/rd/sewan-sdk-go/api.go:226.45,233.74 4 1
gitlab.com/rd/sewan-sdk-go/api.go:238.2,238.47 1 1
gitlab.com/rd/sewan-sdk-go/api.go:233.74,237.3 2 1
gitlab.com/rd/sewan-sdk-go/api.go:251.20,258.17 2 1
gitlab.com/rd/sewan-sdk-go/api.go:261.2,262.17 2 1
gitlab.com/rd/sewan-sdk-go/api.go:265.2,268.17 2 1
gitlab.com/rd/sewan-sdk-go/api.go:271.2,274.9 4 1
gitlab.com/rd/sewan-sdk-go/api.go:258.17,260.3 1 1
gitlab.com/rd/sewan-sdk-go/api.go:262.17,264.3 1 0
gitlab.com/rd/sewan-sdk-go/api.go:268.17,270.3 1 0
gitlab.com/rd/sewan-sdk-go/api.go:275.19,278.9 1 1
gitlab.com/rd/sewan-sdk-go/api.go:279.10,283.14 2 1
gitlab.com/rd/sewan-sdk-go/api.go:296.20,298.17 2 1
gitlab.com/rd/sewan-sdk-go/api.go:301.2,303.17 2 1
gitlab.com/rd/sewan-sdk-go/api.go:306.2,308.9 3 1
gitlab.com/rd/sewan-sdk-go/api.go:298.17,300.3 1 1
gitlab.com/rd/sewan-sdk-go/api.go:303.17,305.3 1 0
gitlab.com/rd/sewan-sdk-go/api.go:309.19,312.9 1 1
gitlab.com/rd/sewan-sdk-go/api.go:313.10,317.14 2 1
